[Thu Mar 23 14:05:45 2023
]Creating socket...

[Thu Mar 23 14:05:45 2023
]Binding socket to address and port...

[Thu Mar 23 14:05:45 2023
]Listening for incoming connections...

[Thu Mar 23 14:05:45 2023
]Waiting for events...

[Thu Mar 23 14:05:48 2023
]Event detected on sockfd

[Thu Mar 23 14:05:48 2023
]client connected!

[Thu Mar 23 14:05:48 2023
]Waiting for events...

[Thu Mar 23 14:05:48 2023
]Event detected on sockfd

[Thu Mar 23 14:05:48 2023
]read event happen!

[Thu Mar 23 14:05:48 2023
]reading all data...

[Thu Mar 23 14:05:48 2023
]*************************

[Thu Mar 23 14:05:48 2023
]Waiting for events...

[Thu Mar 23 14:05:48 2023
]HTTP/1.1
Host: 172.16.8.133:10000
User-Agent: Mozilla/5.0 (X11; Ubuntu; Linux aarch64; rv:109.0) Gecko/20100101 Firefox/110.0
Accept: text/html,application/xhtml+xml,application/xml;q=0.9,image/avif,image/webp,*/*;q=0.8
Accept-Language: en-US,en;q=0.5
Accept-Encoding: gzip, deflate
Connection: keep-alive
Upgrade-Insecure-Requests: 1


[Thu Mar 23 14:05:48 2023
]m_version burn
[Thu Mar 23 14:05:48 2023
]parse_request_line burn!

[Thu Mar 23 14:05:48 2023
]process_read = BAD_REQUEST
[Thu Mar 23 14:05:48 2023
]Response code is BAD_REQUEST

[Thu Mar 23 14:05:48 2023
]answer over!

[Thu Mar 23 14:05:48 2023
]Event detected on sockfd

[Thu Mar 23 14:05:48 2023
]write event happen!

[Thu Mar 23 14:05:48 2023
]writing all data...

[Thu Mar 23 14:05:48 2023
]Waiting for events...

[Thu Mar 23 14:21:25 2023
]Creating socket...

[Thu Mar 23 14:21:25 2023
]Binding socket to address and port...

[Thu Mar 23 14:21:25 2023
]Listening for incoming connections...

[Thu Mar 23 14:21:25 2023
]Waiting for events...

[Thu Mar 23 14:21:28 2023
]Event detected on sockfd

[Thu Mar 23 14:21:28 2023
]client connected!

[Thu Mar 23 14:21:28 2023
]Waiting for events...

[Thu Mar 23 14:21:28 2023
]Event detected on sockfd

[Thu Mar 23 14:21:28 2023
]read event happen!

[Thu Mar 23 14:21:28 2023
]reading all data...

[Thu Mar 23 14:21:28 2023
]*************************

[Thu Mar 23 14:21:28 2023
]Waiting for events...

[Thu Mar 23 14:21:28 2023
]HTTP/1.1
Host: 172.16.8.133:10000
User-Agent: Mozilla/5.0 (X11; Ubuntu; Linux aarch64; rv:109.0) Gecko/20100101 Firefox/110.0
Accept: text/html,application/xhtml+xml,application/xml;q=0.9,image/avif,image/webp,*/*;q=0.8
Accept-Language: en-US,en;q=0.5
Accept-Encoding: gzip, deflate
Connection: keep-alive
Upgrade-Insecure-Requests: 1


[Thu Mar 23 14:21:28 2023
]m_version burn
[Thu Mar 23 14:21:28 2023
]parse_request_line burn!

[Thu Mar 23 14:21:28 2023
]process_read = BAD_REQUEST
[Thu Mar 23 14:21:28 2023
]Response code is BAD_REQUEST

[Thu Mar 23 14:21:28 2023
]answer over!

[Thu Mar 23 14:21:28 2023
]Event detected on sockfd

[Thu Mar 23 14:21:28 2023
]write event happen!

[Thu Mar 23 14:21:28 2023
]writing all data...

[Thu Mar 23 14:21:28 2023
]Waiting for events...

[Thu Mar 23 14:29:51 2023
]Creating socket...

[Thu Mar 23 14:29:51 2023
]Binding socket to address and port...

[Thu Mar 23 14:29:51 2023
]Listening for incoming connections...

[Thu Mar 23 14:29:51 2023
]Waiting for events...

[Thu Mar 23 14:29:59 2023
]Event detected on sockfd

[Thu Mar 23 14:29:59 2023
]client connected!

[Thu Mar 23 14:29:59 2023
]Waiting for events...

[Thu Mar 23 14:29:59 2023
]Event detected on sockfd

[Thu Mar 23 14:29:59 2023
]read event happen!

[Thu Mar 23 14:29:59 2023
]get request!
[Thu Mar 23 14:29:59 2023
]Response code is FILE_REQUEST

[Thu Mar 23 14:29:59 2023
]answer over!

[Thu Mar 23 14:29:59 2023
]reading all data...

[Thu Mar 23 14:29:59 2023
]*************************

[Thu Mar 23 14:29:59 2023
]Waiting for events...

[Thu Mar 23 14:29:59 2023
]Event detected on sockfd

[Thu Mar 23 14:29:59 2023
]write event happen!

[Thu Mar 23 14:29:59 2023
]writing all data...

[Thu Mar 23 14:29:59 2023
]Waiting for events...

[Thu Mar 23 14:29:59 2023
]Event detected on sockfd

[Thu Mar 23 14:29:59 2023
]client connected!

[Thu Mar 23 14:29:59 2023
]Waiting for events...

[Thu Mar 23 14:29:59 2023
]Event detected on sockfd

[Thu Mar 23 14:29:59 2023
]read event happen!

[Thu Mar 23 14:29:59 2023
]get request!
[Thu Mar 23 14:29:59 2023
]Response code is FILE_REQUEST

[Thu Mar 23 14:29:59 2023
]answer over!

[Thu Mar 23 14:29:59 2023
]reading all data...

[Thu Mar 23 14:29:59 2023
]*************************

[Thu Mar 23 14:29:59 2023
]Waiting for events...

[Thu Mar 23 14:29:59 2023
]Event detected on sockfd

[Thu Mar 23 14:29:59 2023
]write event happen!

[Thu Mar 23 14:29:59 2023
]writing all data...

[Thu Mar 23 14:29:59 2023
]Waiting for events...

[Thu Mar 23 14:33:10 2023
]Event detected on sockfd

[Thu Mar 23 14:33:10 2023
]client connected!

[Thu Mar 23 14:33:10 2023
]Waiting for events...

[Thu Mar 23 14:33:10 2023
]Event detected on sockfd

[Thu Mar 23 14:33:10 2023
]read event happen!

[Thu Mar 23 14:33:10 2023
]get request!
[Thu Mar 23 14:33:10 2023
]Response code is FILE_REQUEST

[Thu Mar 23 14:33:10 2023
]answer over!

[Thu Mar 23 14:33:10 2023
]reading all data...

[Thu Mar 23 14:33:10 2023
]*************************

[Thu Mar 23 14:33:10 2023
]Waiting for events...

[Thu Mar 23 14:33:10 2023
]Event detected on sockfd

[Thu Mar 23 14:33:10 2023
]write event happen!

[Thu Mar 23 14:33:10 2023
]writing all data...

[Thu Mar 23 14:33:10 2023
]Waiting for events...

[Thu Mar 23 14:33:10 2023
]Event detected on sockfd

[Thu Mar 23 14:33:10 2023
]client connected!

[Thu Mar 23 14:33:10 2023
]Waiting for events...

[Thu Mar 23 14:33:10 2023
]Event detected on sockfd

[Thu Mar 23 14:33:10 2023
]read event happen!

[Thu Mar 23 14:33:10 2023
]get request!
[Thu Mar 23 14:33:10 2023
]Response code is FILE_REQUEST

[Thu Mar 23 14:33:10 2023
]answer over!

[Thu Mar 23 14:33:10 2023
]reading all data...

[Thu Mar 23 14:33:10 2023
]*************************

[Thu Mar 23 14:33:10 2023
]Waiting for events...

[Thu Mar 23 14:33:10 2023
]Event detected on sockfd

[Thu Mar 23 14:33:10 2023
]write event happen!

[Thu Mar 23 14:33:10 2023
]writing all data...

[Thu Mar 23 14:33:10 2023
]Waiting for events...

[Thu Mar 23 14:39:38 2023
]Event detected on sockfd

[Thu Mar 23 14:39:38 2023
]client connected!

[Thu Mar 23 14:39:38 2023
]Waiting for events...

[Thu Mar 23 14:39:38 2023
]Event detected on sockfd

[Thu Mar 23 14:39:38 2023
]read event happen!

[Thu Mar 23 14:39:38 2023
]reading all data...

[Thu Mar 23 14:39:38 2023
]*************************

[Thu Mar 23 14:39:38 2023
]Waiting for events...

[Thu Mar 23 14:39:38 2023
]get request!
[Thu Mar 23 14:39:38 2023
]Response code is FILE_REQUEST

[Thu Mar 23 14:39:38 2023
]answer over!

[Thu Mar 23 14:39:38 2023
]Event detected on sockfd

[Thu Mar 23 14:39:38 2023
]write event happen!

[Thu Mar 23 14:39:38 2023
]writing all data...

[Thu Mar 23 14:39:38 2023
]Waiting for events...

[Thu Mar 23 14:39:48 2023
]Event detected on sockfd

[Thu Mar 23 14:39:48 2023
]client connected!

[Thu Mar 23 14:39:48 2023
]Waiting for events...

[Thu Mar 23 14:39:48 2023
]Event detected on sockfd

[Thu Mar 23 14:39:48 2023
]Waiting for events...

[Thu Mar 23 14:39:48 2023
]Event detected on sockfd

[Thu Mar 23 14:39:48 2023
]client connected!

[Thu Mar 23 14:39:48 2023
]Waiting for events...

[Thu Mar 23 14:39:48 2023
]Event detected on sockfd

[Thu Mar 23 14:39:48 2023
]read event happen!

[Thu Mar 23 14:39:48 2023
]reading all data...

[Thu Mar 23 14:39:48 2023
]*************************

[Thu Mar 23 14:39:48 2023
]Waiting for events...

[Thu Mar 23 14:39:48 2023
]get request!
[Thu Mar 23 14:39:48 2023
]Response code is FILE_REQUEST

[Thu Mar 23 14:39:48 2023
]answer over!

[Thu Mar 23 14:39:48 2023
]Event detected on sockfd

[Thu Mar 23 14:39:48 2023
]write event happen!

[Thu Mar 23 14:39:48 2023
]writing all data...

[Thu Mar 23 14:39:48 2023
]Waiting for events...

[Thu Mar 23 14:41:11 2023
]Event detected on sockfd

[Thu Mar 23 14:41:11 2023
]client connected!

[Thu Mar 23 14:41:11 2023
]Waiting for events...

[Thu Mar 23 14:41:11 2023
]Event detected on sockfd

[Thu Mar 23 14:41:11 2023
]Waiting for events...

[Thu Mar 23 14:41:32 2023
]Event detected on sockfd

[Thu Mar 23 14:41:32 2023
]client connected!

[Thu Mar 23 14:41:32 2023
]Waiting for events...

[Thu Mar 23 14:41:32 2023
]Event detected on sockfd

[Thu Mar 23 14:41:32 2023
]Waiting for events...

[Thu Mar 23 14:42:34 2023
]Creating socket...

[Thu Mar 23 14:42:34 2023
]Binding socket to address and port...

[Thu Mar 23 14:42:34 2023
]Listening for incoming connections...

[Thu Mar 23 14:42:34 2023
]Waiting for events...

[Thu Mar 23 14:42:39 2023
]Event detected on sockfd

[Thu Mar 23 14:42:39 2023
]client connected!

[Thu Mar 23 14:42:39 2023
]Waiting for events...

[Thu Mar 23 14:42:39 2023
]Event detected on sockfd

[Thu Mar 23 14:42:39 2023
]read event happen!

[Thu Mar 23 14:42:39 2023
]get request!
[Thu Mar 23 14:42:39 2023
]Response code is FILE_REQUEST

[Thu Mar 23 14:42:39 2023
]answer over!

[Thu Mar 23 14:42:39 2023
]reading all data...

[Thu Mar 23 14:42:39 2023
]*************************

[Thu Mar 23 14:42:39 2023
]Waiting for events...

[Thu Mar 23 14:42:39 2023
]Event detected on sockfd

[Thu Mar 23 14:42:39 2023
]write event happen!

[Thu Mar 23 14:42:39 2023
]writing all data...

[Thu Mar 23 14:42:39 2023
]Waiting for events...

[Thu Mar 23 14:42:39 2023
]Event detected on sockfd

[Thu Mar 23 14:42:39 2023
]client connected!

[Thu Mar 23 14:42:39 2023
]Waiting for events...

[Thu Mar 23 14:42:39 2023
]Event detected on sockfd

[Thu Mar 23 14:42:39 2023
]read event happen!

[Thu Mar 23 14:42:39 2023
]get request!
[Thu Mar 23 14:42:39 2023
]Response code is FILE_REQUEST

[Thu Mar 23 14:42:39 2023
]answer over!

[Thu Mar 23 14:42:39 2023
]reading all data...

[Thu Mar 23 14:42:39 2023
]*************************

[Thu Mar 23 14:42:39 2023
]Waiting for events...

[Thu Mar 23 14:42:39 2023
]Event detected on sockfd

[Thu Mar 23 14:42:39 2023
]write event happen!

[Thu Mar 23 14:42:39 2023
]writing all data...

[Thu Mar 23 14:42:39 2023
]Waiting for events...

[Thu Mar 23 14:42:49 2023
]Event detected on sockfd

[Thu Mar 23 14:42:49 2023
]client connected!

[Thu Mar 23 14:42:49 2023
]Waiting for events...

[Thu Mar 23 14:42:49 2023
]Event detected on sockfd

[Thu Mar 23 14:42:49 2023
]read event happen!

[Thu Mar 23 14:42:49 2023
]get request!
[Thu Mar 23 14:42:49 2023
]Response code is FILE_REQUEST

[Thu Mar 23 14:42:49 2023
]answer over!

[Thu Mar 23 14:42:49 2023
]reading all data...

[Thu Mar 23 14:42:49 2023
]*************************

[Thu Mar 23 14:42:49 2023
]Waiting for events...

[Thu Mar 23 14:42:49 2023
]Event detected on sockfd

[Thu Mar 23 14:42:49 2023
]write event happen!

[Thu Mar 23 14:42:49 2023
]Waiting for events...

[Thu Mar 23 14:42:49 2023
]Event detected on sockfd

[Thu Mar 23 14:42:49 2023
]write event happen!

[Thu Mar 23 14:42:49 2023
]writing all data...

[Thu Mar 23 14:42:49 2023
]Waiting for events...

[Sat Mar 25 23:08:09 2023
]Creating socket...

[Sat Mar 25 23:08:09 2023
]Binding socket to address and port...

[Sat Mar 25 23:08:09 2023
]Listening for incoming connections...

[Sat Mar 25 23:08:09 2023
]Waiting for events...

[Sat Mar 25 23:08:14 2023
]Waiting for events...

[Sat Mar 25 23:08:14 2023
]Event detected on sockfd

[Sat Mar 25 23:08:14 2023
]Waiting for events...

[Sat Mar 25 23:08:17 2023
]Event detected on sockfd

[Sat Mar 25 23:08:17 2023
]client connected!

[Sat Mar 25 23:08:17 2023
]Waiting for events...

[Sat Mar 25 23:08:17 2023
]Event detected on sockfd

[Sat Mar 25 23:08:17 2023
]read event happen!

[Sat Mar 25 23:08:17 2023
]get request!
[Sat Mar 25 23:08:17 2023
]Response code is FILE_REQUEST

[Sat Mar 25 23:08:17 2023
]answer over!

[Sat Mar 25 23:08:17 2023
]reading all data...

[Sat Mar 25 23:08:17 2023
]*************************

[Sat Mar 25 23:08:17 2023
]Waiting for events...

[Sat Mar 25 23:08:17 2023
]Event detected on sockfd

[Sat Mar 25 23:08:17 2023
]write event happen!

[Sat Mar 25 23:08:17 2023
]writing all data...

[Sat Mar 25 23:08:17 2023
]Waiting for events...

[Sat Mar 25 23:08:17 2023
]Event detected on sockfd

[Sat Mar 25 23:08:17 2023
]client connected!

[Sat Mar 25 23:08:17 2023
]Waiting for events...

[Sat Mar 25 23:08:17 2023
]Event detected on sockfd

[Sat Mar 25 23:08:17 2023
]read event happen!

[Sat Mar 25 23:08:17 2023
]get request!
[Sat Mar 25 23:08:17 2023
]Response code is FILE_REQUEST

[Sat Mar 25 23:08:17 2023
]answer over!

[Sat Mar 25 23:08:17 2023
]reading all data...

[Sat Mar 25 23:08:17 2023
]*************************

[Sat Mar 25 23:08:17 2023
]Waiting for events...

[Sat Mar 25 23:08:17 2023
]Event detected on sockfd

[Sat Mar 25 23:08:17 2023
]write event happen!

[Sat Mar 25 23:08:17 2023
]writing all data...

[Sat Mar 25 23:08:17 2023
]Waiting for events...

[Sat Mar 25 23:08:17 2023
]Event detected on sockfd

[Sat Mar 25 23:08:17 2023
]client connected!

[Sat Mar 25 23:08:17 2023
]Waiting for events...

[Sat Mar 25 23:08:17 2023
]Event detected on sockfd

[Sat Mar 25 23:08:17 2023
]Waiting for events...

[Sat Mar 25 23:08:19 2023
]Waiting for events...

[Sat Mar 25 23:08:19 2023
]Event detected on sockfd

[Sat Mar 25 23:08:19 2023
]Waiting for events...

[Sat Mar 25 23:08:24 2023
]Waiting for events...

[Sat Mar 25 23:08:24 2023
]Event detected on sockfd

[Sat Mar 25 23:08:24 2023
]Waiting for events...

[Sat Mar 25 23:08:29 2023
]Waiting for events...

[Sat Mar 25 23:08:29 2023
]Event detected on sockfd

[Sat Mar 25 23:08:29 2023
]Waiting for events...

[Sat Mar 25 23:08:34 2023
]Waiting for events...

[Sat Mar 25 23:08:34 2023
]Event detected on sockfd

[Sat Mar 25 23:08:34 2023
]Waiting for events...

[Sat Mar 25 23:08:39 2023
]Waiting for events...

[Sat Mar 25 23:08:39 2023
]Event detected on sockfd

[Sat Mar 25 23:08:39 2023
]Waiting for events...

[Sat Mar 25 23:08:44 2023
]Waiting for events...

[Sat Mar 25 23:08:44 2023
]Event detected on sockfd

[Sat Mar 25 23:08:44 2023
]Waiting for events...

[Sat Mar 25 23:08:49 2023
]Waiting for events...

[Sat Mar 25 23:08:49 2023
]Event detected on sockfd

[Sat Mar 25 23:08:49 2023
]Waiting for events...

[Sat Mar 25 23:08:54 2023
]Waiting for events...

[Sat Mar 25 23:08:54 2023
]Event detected on sockfd

[Sat Mar 25 23:08:54 2023
]Waiting for events...

[Sat Mar 25 23:08:59 2023
]Waiting for events...

[Sat Mar 25 23:08:59 2023
]Event detected on sockfd

[Sat Mar 25 23:08:59 2023
]Waiting for events...

[Sat Mar 25 23:09:04 2023
]Waiting for events...

[Sat Mar 25 23:09:04 2023
]Event detected on sockfd

[Sat Mar 25 23:09:04 2023
]Waiting for events...

[Sat Mar 25 23:09:09 2023
]Waiting for events...

[Sat Mar 25 23:09:09 2023
]Event detected on sockfd

[Sat Mar 25 23:09:09 2023
]Waiting for events...

[Sat Mar 25 23:09:14 2023
]Waiting for events...

[Sat Mar 25 23:09:14 2023
]Event detected on sockfd

[Sat Mar 25 23:09:14 2023
]Waiting for events...

[Sat Mar 25 23:09:19 2023
]Waiting for events...

[Sat Mar 25 23:09:19 2023
]Event detected on sockfd

[Sat Mar 25 23:09:19 2023
]Waiting for events...

[Sat Mar 25 23:09:24 2023
]Waiting for events...

[Sat Mar 25 23:09:24 2023
]Event detected on sockfd

[Sat Mar 25 23:09:24 2023
]Waiting for events...

[Sat Mar 25 23:09:29 2023
]Waiting for events...

[Sat Mar 25 23:09:29 2023
]Event detected on sockfd

[Sat Mar 25 23:09:29 2023
]Waiting for events...

[Sat Mar 25 23:09:34 2023
]Waiting for events...

[Sat Mar 25 23:09:34 2023
]Event detected on sockfd

[Sat Mar 25 23:09:34 2023
]Waiting for events...

[Sat Mar 25 23:09:39 2023
]Waiting for events...

[Sat Mar 25 23:09:39 2023
]Event detected on sockfd

[Sat Mar 25 23:09:39 2023
]Waiting for events...

[Sat Mar 25 23:09:44 2023
]Waiting for events...

[Sat Mar 25 23:09:44 2023
]Event detected on sockfd

[Sat Mar 25 23:09:44 2023
]Waiting for events...

[Sat Mar 25 23:09:49 2023
]Waiting for events...

[Sat Mar 25 23:09:49 2023
]Event detected on sockfd

[Sat Mar 25 23:09:49 2023
]Waiting for events...

[Sat Mar 25 23:09:54 2023
]Waiting for events...

[Sat Mar 25 23:09:54 2023
]Event detected on sockfd

[Sat Mar 25 23:09:54 2023
]Waiting for events...

[Sat Mar 25 23:09:59 2023
]Waiting for events...

[Sat Mar 25 23:09:59 2023
]Event detected on sockfd

[Sat Mar 25 23:09:59 2023
]Waiting for events...

[Sat Mar 25 23:10:01 2023
]Event detected on sockfd

[Sat Mar 25 23:10:01 2023
]client connected!

[Sat Mar 25 23:10:01 2023
]Waiting for events...

[Sat Mar 25 23:10:01 2023
]Event detected on sockfd

[Sat Mar 25 23:10:01 2023
]read event happen!

[Sat Mar 25 23:10:01 2023
]reading all data...

[Sat Mar 25 23:10:01 2023
]*************************

[Sat Mar 25 23:10:01 2023
]Waiting for events...

[Sat Mar 25 23:10:01 2023
]get request!
[Sat Mar 25 23:10:01 2023
]Response code is FILE_REQUEST

[Sat Mar 25 23:10:01 2023
]answer over!

[Sat Mar 25 23:10:01 2023
]Event detected on sockfd

[Sat Mar 25 23:10:01 2023
]write event happen!

[Sat Mar 25 23:10:01 2023
]writing all data...

[Sat Mar 25 23:10:01 2023
]Waiting for events...

[Sat Mar 25 23:10:04 2023
]Waiting for events...

[Sat Mar 25 23:10:04 2023
]Event detected on sockfd

[Sat Mar 25 23:10:04 2023
]Waiting for events...

[Sat Mar 25 23:10:09 2023
]Waiting for events...

[Sat Mar 25 23:10:09 2023
]Event detected on sockfd

[Sat Mar 25 23:10:09 2023
]Waiting for events...

[Sat Mar 25 23:10:14 2023
]Waiting for events...

[Sat Mar 25 23:10:14 2023
]Event detected on sockfd

[Sat Mar 25 23:10:14 2023
]Waiting for events...

[Sat Mar 25 23:10:19 2023
]Waiting for events...

[Sat Mar 25 23:10:19 2023
]Event detected on sockfd

[Sat Mar 25 23:10:19 2023
]Waiting for events...

[Sat Mar 25 23:10:24 2023
]Waiting for events...

[Sat Mar 25 23:10:24 2023
]Event detected on sockfd

[Sat Mar 25 23:10:24 2023
]Waiting for events...

[Sat Mar 25 23:10:29 2023
]Waiting for events...

[Sat Mar 25 23:10:29 2023
]Event detected on sockfd

[Sat Mar 25 23:10:29 2023
]Waiting for events...

[Sat Mar 25 23:10:34 2023
]Waiting for events...

[Sat Mar 25 23:10:34 2023
]Event detected on sockfd

[Sat Mar 25 23:10:34 2023
]Waiting for events...

[Sat Mar 25 23:10:39 2023
]Waiting for events...

[Sat Mar 25 23:10:39 2023
]Event detected on sockfd

[Sat Mar 25 23:10:39 2023
]Waiting for events...

[Sat Mar 25 23:10:42 2023
]Event detected on sockfd

[Sat Mar 25 23:10:42 2023
]client connected!

[Sat Mar 25 23:10:42 2023
]Waiting for events...

[Sat Mar 25 23:10:42 2023
]Event detected on sockfd

[Sat Mar 25 23:10:42 2023
]read event happen!

[Sat Mar 25 23:10:42 2023
]reading all data...

[Sat Mar 25 23:10:42 2023
]*************************

[Sat Mar 25 23:10:42 2023
]Waiting for events...

[Sat Mar 25 23:10:42 2023
]get request!
[Sat Mar 25 23:10:42 2023
]Response code is FILE_REQUEST

[Sat Mar 25 23:10:42 2023
]answer over!

[Sat Mar 25 23:10:42 2023
]Event detected on sockfd

[Sat Mar 25 23:10:42 2023
]write event happen!

[Sat Mar 25 23:10:42 2023
]writing all data...

[Sat Mar 25 23:10:42 2023
]Waiting for events...

[Sat Mar 25 23:10:42 2023
]Event detected on sockfd

[Sat Mar 25 23:10:42 2023
]client connected!

[Sat Mar 25 23:10:42 2023
]Waiting for events...

[Sat Mar 25 23:10:42 2023
]Event detected on sockfd

[Sat Mar 25 23:10:42 2023
]read event happen!

[Sat Mar 25 23:10:42 2023
]reading all data...

[Sat Mar 25 23:10:42 2023
]*************************

[Sat Mar 25 23:10:42 2023
]Waiting for events...

[Sat Mar 25 23:10:42 2023
]get request!
[Sat Mar 25 23:10:42 2023
]Response code is FILE_REQUEST

[Sat Mar 25 23:10:42 2023
]answer over!

[Sat Mar 25 23:10:42 2023
]Event detected on sockfd

[Sat Mar 25 23:10:42 2023
]write event happen!

[Sat Mar 25 23:10:42 2023
]writing all data...

[Sat Mar 25 23:10:42 2023
]Waiting for events...

[Sat Mar 25 23:10:44 2023
]Waiting for events...

[Sat Mar 25 23:10:44 2023
]Event detected on sockfd

[Sat Mar 25 23:10:44 2023
]Waiting for events...

[Sat Mar 25 23:10:49 2023
]Waiting for events...

[Sat Mar 25 23:10:49 2023
]Event detected on sockfd

[Sat Mar 25 23:10:49 2023
]Waiting for events...

